10:12:42: start tts_xfs5152... 
10:12:42: port: 7704
10:12:42: comm: com12
10:12:43: tts speaking: 系统启动中, 需要进入自检程序, 请耐心等待
10:15:52: tts speaking: 系统启动中, 需要进入自检程序, 请耐心等待
10:23:51: tts speaking: 系统启动中, 需要进入自检程序, 请耐心等待
10:25:25: tts speaking: 系统启动中, 需要进入自检程序, 请耐心等待
10:25:45: tts speaking: 系统启动中, 需要进入自检程序, 请耐心等待
11:44:32: tts speaking: 系统启动中, 需要进入自检程序, 请耐心等待
11:44:51: tts speaking: 系统启动中, 需要进入自检程序, 请耐心等待
11:45:19: tts speaking: 系统启动中, 需要进入自检程序, 请耐心等待
11:45:40: tts speaking: 系统启动中, 需要进入自检程序, 请耐心等待
13:40:28: tts speaking: 系统启动中, 需要进入自检程序, 请耐心等待
13:40:35: tts speaking: 系统启动中, 需要进入自检程序, 请耐心等待
14:38:49: tts speaking: 系统启动中, 需要进入自检程序, 请耐心等待
14:38:59: tts speaking: 系统自检舵机 elbow 出现故障, 请联系技术人员
14:39:34: tts speaking: 系统启动中, 需要进入自检程序, 请耐心等待
14:40:48: tts speaking: 系统启动中, 需要进入自检程序, 请耐心等待
14:40:59: tts speaking: 系统自检舵机 elbow 出现故障, 请联系技术人员
14:41:39: tts speaking: 系统启动中, 需要进入自检程序, 请耐心等待
14:41:50: tts speaking: 系统自检舵机 elbow 出现故障, 请联系技术人员
14:45:00: tts speaking: 系统启动中, 需要进入自检程序, 请耐心等待
14:45:11: tts speaking: 系统自检舵机 elbow 出现故障, 请联系技术人员
14:45:26: tts speaking: 系统启动中, 需要进入自检程序, 请耐心等待
14:47:13: tts speaking: 系统启动中, 需要进入自检程序, 请耐心等待
14:47:26: tts speaking: 系统启动中, 需要进入自检程序, 请耐心等待
14:47:36: tts speaking: 系统自检舵机 elbow 出现故障, 请联系技术人员
14:47:48: tts speaking: 系统启动中, 需要进入自检程序, 请耐心等待
14:47:48: tts speaking: 系统自检舵机 elbow 出现故障, 请联系技术人员
14:48:01: tts speaking: 系统启动中, 需要进入自检程序, 请耐心等待
14:48:01: tts speaking: 系统自检舵机 elbow 出现故障, 请联系技术人员
14:48:51: tts speaking: 系统启动中, 需要进入自检程序, 请耐心等待
14:48:59: tts speaking: 系统自检舵机 elbow 出现故障, 请联系技术人员
14:50:45: tts speaking: 系统启动中, 需要进入自检程序, 请耐心等待
14:50:46: tts speaking: 系统自检舵机 elbow 出现故障, 请联系技术人员
15:02:59: tts speaking: 系统启动中, 需要进入自检程序, 请耐心等待
15:03:10: tts speaking: 系统自检舵机 elbow 出现故障, 请联系技术人员
15:06:49: tts speaking: 系统启动中, 需要进入自检程序, 请耐心等待
15:06:50: tts speaking: 系统自检舵机 elbow 出现故障, 请联系技术人员
15:07:10: tts speaking: 系统启动中, 需要进入自检程序, 请耐心等待
17:10:28: tts speaking: 系统启动中, 需要进入自检程序, 请耐心等待
17:10:29: tts speaking: 系统自检舵机 elbow 出现故障, 请联系技术人员
17:11:29: tts speaking: 系统启动中, 需要进入自检程序, 请耐心等待
17:11:30: tts speaking: 系统自检舵机 elbow 出现故障, 请联系技术人员
17:11:30: tts speaking: 系统自检舵机 eyelid 出现故障, 请联系技术人员
17:11:49: tts speaking: 系统启动中, 需要进入自检程序, 请耐心等待
17:11:50: tts speaking: 系统自检舵机 eyelid 出现故障, 请联系技术人员
17:12:40: tts speaking: 系统启动中, 需要进入自检程序, 请耐心等待
17:12:41: tts speaking: 系统自检舵机 eyelid 出现故障, 请联系技术人员
17:13:42: tts speaking: 系统启动中, 需要进入自检程序, 请耐心等待
17:13:49: tts speaking: 系统启动中, 需要进入自检程序, 请耐心等待
17:13:50: tts speaking: 系统自检舵机 eyelid 出现故障, 请联系技术人员
17:14:03: tts speaking: 系统启动中, 需要进入自检程序, 请耐心等待
17:14:03: tts speaking: 系统自检舵机 eye 出现故障, 请联系技术人员
17:14:51: tts speaking: 系统启动中, 需要进入自检程序, 请耐心等待
17:55:04: tts speaking: 系统启动中, 需要进入自检程序, 请耐心等待
17:56:04: tts speaking: 系统启动中, 需要进入自检程序, 请耐心等待
17:56:18: tts speaking: 系统启动中, 需要进入自检程序, 请耐心等待
17:57:02: tts speaking: 系统启动中, 需要进入自检程序, 请耐心等待
17:57:16: tts speaking: 系统启动中, 需要进入自检程序, 请耐心等待
17:59:12: tts speaking: 系统启动中, 需要进入自检程序, 请耐心等待
18:00:25: tts speaking: 系统启动中, 需要进入自检程序, 请耐心等待
18:01:30: tts speaking: 系统启动中, 需要进入自检程序, 请耐心等待
18:01:48: tts speaking: 系统启动中, 需要进入自检程序, 请耐心等待
18:02:33: tts speaking: 系统启动中, 需要进入自检程序, 请耐心等待
18:03:04: tts speaking: 系统启动中, 需要进入自检程序, 请耐心等待
18:03:05: tts speaking: 系统自检舵机 eye 出现故障, 请联系技术人员
12:27:41: tts speaking: 系统启动中, 需要进入自检程序, 请耐心等待
12:28:18: tts speaking: 系统启动中, 需要进入自检程序, 请耐心等待
12:28:49: tts speaking: 系统启动中, 需要进入自检程序, 请耐心等待
12:29:37: tts speaking: 系统启动中, 需要进入自检程序, 请耐心等待
12:31:02: tts speaking: 系统启动中, 需要进入自检程序, 请耐心等待
12:31:33: tts speaking: 系统启动中, 需要进入自检程序, 请耐心等待
12:31:46: tts speaking: 系统启动中, 需要进入自检程序, 请耐心等待
12:32:03: tts speaking: 系统启动中, 需要进入自检程序, 请耐心等待
12:32:29: tts speaking: 系统启动中, 需要进入自检程序, 请耐心等待
12:34:54: tts speaking: 系统启动中, 需要进入自检程序, 请耐心等待
12:36:12: tts speaking: 系统启动中, 需要进入自检程序, 请耐心等待
12:36:38: tts speaking: 系统启动中, 需要进入自检程序, 请耐心等待
12:37:58: tts speaking: 系统启动中, 需要进入自检程序, 请耐心等待
12:38:35: tts speaking: 系统启动中, 需要进入自检程序, 请耐心等待
12:39:19: tts speaking: 系统启动中, 需要进入自检程序, 请耐心等待
12:40:40: tts speaking: 系统启动中, 需要进入自检程序, 请耐心等待
12:43:00: tts speaking: 系统启动中, 需要进入自检程序, 请耐心等待
12:44:49: tts speaking: 系统启动中, 需要进入自检程序, 请耐心等待
12:47:04: tts speaking: 系统启动中, 需要进入自检程序, 请耐心等待
12:48:41: tts speaking: 系统启动中, 需要进入自检程序, 请耐心等待
12:49:56: tts speaking: 系统启动中, 需要进入自检程序, 请耐心等待
12:52:37: tts speaking: 系统启动中, 需要进入自检程序, 请耐心等待
12:53:55: tts speaking: 系统启动中, 需要进入自检程序, 请耐心等待
12:54:18: tts speaking: 系统启动中, 需要进入自检程序, 请耐心等待
12:56:15: tts speaking: 系统启动中, 需要进入自检程序, 请耐心等待
12:57:08: tts speaking: 系统启动中, 需要进入自检程序, 请耐心等待
12:58:12: tts speaking: 系统启动中, 需要进入自检程序, 请耐心等待
12:58:53: tts speaking: 系统启动中, 需要进入自检程序, 请耐心等待
12:59:29: tts speaking: 系统启动中, 需要进入自检程序, 请耐心等待
13:01:01: tts speaking: 系统启动中, 需要进入自检程序, 请耐心等待
13:04:27: tts speaking: 系统启动中, 需要进入自检程序, 请耐心等待
13:08:32: tts speaking: 系统启动中, 需要进入自检程序, 请耐心等待
13:11:52: tts speaking: 系统启动中, 需要进入自检程序, 请耐心等待
13:13:34: tts speaking: 系统启动中, 需要进入自检程序, 请耐心等待
13:14:39: tts speaking: 系统启动中, 需要进入自检程序, 请耐心等待
13:20:27: tts speaking: 系统启动中, 需要进入自检程序, 请耐心等待
13:25:03: tts speaking: 系统启动中, 需要进入自检程序, 请耐心等待
13:26:29: tts speaking: 系统启动中, 需要进入自检程序, 请耐心等待
15:11:40: tts speaking: 系统启动中, 需要进入自检程序, 请耐心等待
15:11:51: tts speaking: 系统启动中, 需要进入自检程序, 请耐心等待
15:18:09: tts speaking: 系统启动中, 需要进入自检程序, 请耐心等待
15:22:36: tts speaking: 系统启动中, 需要进入自检程序, 请耐心等待
15:26:01: tts speaking: 系统启动中, 需要进入自检程序, 请耐心等待
16:27:55: tts speaking: 系统启动中, 需要进入自检程序, 请耐心等待
14:31:43: tts speaking: 系统启动中, 需要进入自检程序, 请耐心等待
14:34:40: tts speaking: 系统启动中, 需要进入自检程序, 请耐心等待
14:37:20: tts speaking: 系统启动中, 需要进入自检程序, 请耐心等待
14:39:41: tts speaking: 系统启动中, 需要进入自检程序, 请耐心等待
14:43:47: tts speaking: 系统启动中, 需要进入自检程序, 请耐心等待
14:53:23: tts speaking: 系统启动中, 需要进入自检程序, 请耐心等待
14:53:29: tts speaking: 系统启动中, 需要进入自检程序, 请耐心等待
14:55:12: tts speaking: 系统启动中, 需要进入自检程序, 请耐心等待
14:55:56: tts speaking: 系统启动中, 需要进入自检程序, 请耐心等待
14:56:23: tts speaking: 系统启动中, 需要进入自检程序, 请耐心等待
14:57:05: tts speaking: 系统启动中, 需要进入自检程序, 请耐心等待
15:01:59: tts speaking: 系统启动中, 需要进入自检程序, 请耐心等待
15:02:09: tts speaking: 系统启动中, 需要进入自检程序, 请耐心等待
15:02:45: tts speaking: 系统启动中, 需要进入自检程序, 请耐心等待
15:03:46: tts speaking: 系统启动中, 需要进入自检程序, 请耐心等待
15:05:27: tts speaking: 系统启动中, 需要进入自检程序, 请耐心等待
15:08:21: tts speaking: 系统启动中, 需要进入自检程序, 请耐心等待
15:11:44: tts speaking: 系统启动中, 需要进入自检程序, 请耐心等待
15:20:34: tts speaking: 系统启动中, 需要进入自检程序, 请耐心等待
15:25:23: tts speaking: 系统启动中, 需要进入自检程序, 请耐心等待
15:26:52: tts speaking: 系统启动中, 需要进入自检程序, 请耐心等待
15:27:34: tts speaking: 系统启动中, 需要进入自检程序, 请耐心等待
15:29:12: tts speaking: 系统启动中, 需要进入自检程序, 请耐心等待
15:31:47: tts speaking: 系统启动中, 需要进入自检程序, 请耐心等待
15:33:00: tts speaking: 系统启动中, 需要进入自检程序, 请耐心等待
15:36:09: tts speaking: 系统启动中, 需要进入自检程序, 请耐心等待
15:38:38: tts speaking: 系统启动中, 需要进入自检程序, 请耐心等待
15:41:46: tts speaking: 系统启动中, 需要进入自检程序, 请耐心等待
15:41:59: tts speaking: 系统启动中, 需要进入自检程序, 请耐心等待
15:45:48: tts speaking: 系统启动中, 需要进入自检程序, 请耐心等待
15:45:56: tts speaking: 系统启动中, 需要进入自检程序, 请耐心等待
15:46:13: tts speaking: 系统启动中, 需要进入自检程序, 请耐心等待
15:49:27: tts speaking: 系统启动中, 需要进入自检程序, 请耐心等待
15:50:05: tts speaking: 系统启动中, 需要进入自检程序, 请耐心等待
15:52:09: tts speaking: 系统启动中, 需要进入自检程序, 请耐心等待
15:55:18: tts speaking: 系统启动中, 需要进入自检程序, 请耐心等待
15:55:37: tts speaking: 系统启动中, 需要进入自检程序, 请耐心等待
15:55:45: tts speaking: 系统启动中, 需要进入自检程序, 请耐心等待
15:57:33: tts speaking: 系统启动中, 需要进入自检程序, 请耐心等待
15:58:59: tts speaking: 系统启动中, 需要进入自检程序, 请耐心等待
16:00:24: tts speaking: 系统启动中, 需要进入自检程序, 请耐心等待
16:01:37: tts speaking: 系统启动中, 需要进入自检程序, 请耐心等待
16:06:30: tts speaking: 系统启动中, 需要进入自检程序, 请耐心等待
16:11:08: tts speaking: 系统启动中, 需要进入自检程序, 请耐心等待
14:41:19: tts speaking: 系统启动中, 需要进入自检程序, 请耐心等待
14:42:26: tts speaking: 系统启动中, 需要进入自检程序, 请耐心等待
14:43:02: tts speaking: 系统启动中, 需要进入自检程序, 请耐心等待
14:43:09: tts speaking: 系统启动中, 需要进入自检程序, 请耐心等待
14:47:27: tts speaking: 系统启动中, 需要进入自检程序, 请耐心等待
14:50:07: tts speaking: 系统启动中, 需要进入自检程序, 请耐心等待
14:58:20: tts speaking: 系统启动中, 需要进入自检程序, 请耐心等待
15:00:23: tts speaking: 系统启动中, 需要进入自检程序, 请耐心等待
15:03:18: tts speaking: 系统启动中, 需要进入自检程序, 请耐心等待
15:05:37: tts speaking: 系统启动中, 需要进入自检程序, 请耐心等待
15:07:10: tts speaking: 系统启动中, 需要进入自检程序, 请耐心等待
15:08:36: tts speaking: 系统启动中, 需要进入自检程序, 请耐心等待
15:08:40: tts speaking: 系统启动中, 需要进入自检程序, 请耐心等待
15:10:36: tts speaking: 系统启动中, 需要进入自检程序, 请耐心等待
15:22:09: tts speaking: 系统启动中, 需要进入自检程序, 请耐心等待
15:23:10: tts speaking: 系统启动中, 需要进入自检程序, 请耐心等待
15:39:09: tts speaking: 系统启动中, 需要进入自检程序, 请耐心等待
15:39:55: tts speaking: 系统启动中, 需要进入自检程序, 请耐心等待
15:41:10: tts speaking: 系统启动中, 需要进入自检程序, 请耐心等待
15:41:39: tts speaking: 系统启动中, 需要进入自检程序, 请耐心等待
15:46:00: tts speaking: 系统启动中, 需要进入自检程序, 请耐心等待
15:46:11: tts speaking: 系统启动中, 需要进入自检程序, 请耐心等待
15:48:48: tts speaking: 系统启动中, 需要进入自检程序, 请耐心等待
18:26:36: tts speaking: 系统启动中, 需要进入自检程序, 请耐心等待
18:27:21: tts speaking: 系统启动中, 需要进入自检程序, 请耐心等待
18:30:31: tts speaking: 系统启动中, 需要进入自检程序, 请耐心等待
18:31:10: tts speaking: 系统启动中, 需要进入自检程序, 请耐心等待
18:38:20: tts speaking: 系统启动中, 需要进入自检程序, 请耐心等待
18:41:11: tts speaking: 系统启动中, 需要进入自检程序, 请耐心等待
18:41:38: tts speaking: 系统启动中, 需要进入自检程序, 请耐心等待
18:44:27: tts speaking: 系统启动中, 需要进入自检程序, 请耐心等待
18:44:52: tts speaking: 系统启动中, 需要进入自检程序, 请耐心等待
18:46:42: tts speaking: 系统启动中, 需要进入自检程序, 请耐心等待
18:50:03: tts speaking: 系统启动中, 需要进入自检程序, 请耐心等待
18:51:28: tts speaking: 系统启动中, 需要进入自检程序, 请耐心等待
18:52:12: tts speaking: 系统启动中, 需要进入自检程序, 请耐心等待
18:53:22: tts speaking: 系统启动中, 需要进入自检程序, 请耐心等待
18:59:37: tts speaking: 系统启动中, 需要进入自检程序, 请耐心等待
19:00:26: tts speaking: 系统启动中, 需要进入自检程序, 请耐心等待
19:02:19: tts speaking: 系统启动中, 需要进入自检程序, 请耐心等待
19:04:05: tts speaking: 系统启动中, 需要进入自检程序, 请耐心等待
19:05:05: tts speaking: 系统启动中, 需要进入自检程序, 请耐心等待
19:05:27: tts speaking: 系统启动中, 需要进入自检程序, 请耐心等待
19:06:45: tts speaking: 系统启动中, 需要进入自检程序, 请耐心等待
19:16:26: tts speaking: 系统启动中, 需要进入自检程序, 请耐心等待
19:18:19: tts speaking: 系统启动中, 需要进入自检程序, 请耐心等待
19:19:51: tts speaking: 系统启动中, 需要进入自检程序, 请耐心等待
19:22:22: tts speaking: 系统启动中, 需要进入自检程序, 请耐心等待
19:25:20: tts speaking: 系统启动中, 需要进入自检程序, 请耐心等待
19:29:54: tts speaking: 系统启动中, 需要进入自检程序, 请耐心等待
19:31:15: tts speaking: 系统启动中, 需要进入自检程序, 请耐心等待
19:32:58: tts speaking: 系统启动中, 需要进入自检程序, 请耐心等待
19:34:23: tts speaking: 系统启动中, 需要进入自检程序, 请耐心等待
19:35:40: tts speaking: 系统启动中, 需要进入自检程序, 请耐心等待
19:36:25: tts speaking: 系统启动中, 需要进入自检程序, 请耐心等待
19:37:06: tts speaking: 系统启动中, 需要进入自检程序, 请耐心等待
19:38:19: tts speaking: 系统启动中, 需要进入自检程序, 请耐心等待
19:38:57: tts speaking: 系统启动中, 需要进入自检程序, 请耐心等待
19:39:28: tts speaking: 系统启动中, 需要进入自检程序, 请耐心等待
19:40:52: tts speaking: 系统启动中, 需要进入自检程序, 请耐心等待
19:41:08: tts speaking: 系统启动中, 需要进入自检程序, 请耐心等待
19:43:20: tts speaking: 系统启动中, 需要进入自检程序, 请耐心等待
19:44:14: tts speaking: 系统启动中, 需要进入自检程序, 请耐心等待
19:47:09: tts speaking: 系统启动中, 需要进入自检程序, 请耐心等待
19:50:26: tts speaking: 系统启动中, 需要进入自检程序, 请耐心等待
20:00:43: tts speaking: 系统启动中, 需要进入自检程序, 请耐心等待
20:17:03: tts speaking: 系统启动中, 需要进入自检程序, 请耐心等待
20:18:30: tts speaking: 系统启动中, 需要进入自检程序, 请耐心等待
20:22:11: tts speaking: 系统启动中, 需要进入自检程序, 请耐心等待
20:26:29: tts speaking: 系统启动中, 需要进入自检程序, 请耐心等待
20:29:40: tts speaking: 系统启动中, 需要进入自检程序, 请耐心等待
20:36:30: tts speaking: 系统启动中, 需要进入自检程序, 请耐心等待
20:38:27: tts speaking: 系统启动中, 需要进入自检程序, 请耐心等待
20:39:44: tts speaking: 系统启动中, 需要进入自检程序, 请耐心等待
20:40:55: tts speaking: 系统启动中, 需要进入自检程序, 请耐心等待
20:41:55: tts speaking: 系统启动中, 需要进入自检程序, 请耐心等待
20:42:52: tts speaking: 系统启动中, 需要进入自检程序, 请耐心等待
20:43:25: tts speaking: 系统启动中, 需要进入自检程序, 请耐心等待
20:44:36: tts speaking: 系统启动中, 需要进入自检程序, 请耐心等待
20:45:12: tts speaking: 系统启动中, 需要进入自检程序, 请耐心等待
20:47:44: tts speaking: 系统启动中, 需要进入自检程序, 请耐心等待
20:48:43: tts speaking: 系统启动中, 需要进入自检程序, 请耐心等待
20:49:00: tts speaking: 系统启动中, 需要进入自检程序, 请耐心等待
20:49:16: tts speaking: 系统启动中, 需要进入自检程序, 请耐心等待
20:51:31: tts speaking: 系统启动中, 需要进入自检程序, 请耐心等待
09:24:05: tts speaking: 系统启动中, 需要进入自检程序, 请耐心等待
09:25:02: tts speaking: 系统启动中, 需要进入自检程序, 请耐心等待
09:57:26: tts speaking: 系统启动中, 需要进入自检程序, 请耐心等待
10:31:10: tts speaking: 系统启动中, 需要进入自检程序, 请耐心等待
10:32:05: tts speaking: 系统启动, 开始自检
10:32:06: tts speaking: 系统自检舵机 eye 出现故障, 请联系技术人员
10:32:07: tts speaking: 系统自检舵机 eyelid 出现故障, 请联系技术人员
10:32:07: tts speaking: 系统自检舵机 mouth 出现故障, 请联系技术人员
10:32:08: tts speaking: 系统自检舵机 neckroll 出现故障, 请联系技术人员
10:32:08: tts speaking: 系统自检舵机 necknode 出现故障, 请联系技术人员
10:32:09: tts speaking: 系统自检完成
10:33:40: tts speaking: 系统启动, 开始自检
10:33:41: tts speaking: 系统自检舵机 eye 出现故障, 请联系技术人员
10:33:42: tts speaking: 系统自检舵机 eyelid 出现故障, 请联系技术人员
10:33:42: tts speaking: 系统自检舵机 mouth 出现故障, 请联系技术人员
10:33:43: tts speaking: 系统自检舵机 neckroll 出现故障, 请联系技术人员
10:33:43: tts speaking: 系统自检舵机 necknode 出现故障, 请联系技术人员
10:33:44: tts speaking: 系统自检完成
10:35:28: tts speaking: 系统启动, 开始自检
10:35:29: tts speaking: 系统自检舵机 eye 出现故障, 请联系技术人员
10:35:29: tts speaking: 系统自检舵机 eyelid 出现故障, 请联系技术人员
10:35:30: tts speaking: 系统自检舵机 mouth 出现故障, 请联系技术人员
10:35:30: tts speaking: 系统自检舵机 neckroll 出现故障, 请联系技术人员
10:35:31: tts speaking: 系统自检舵机 necknode 出现故障, 请联系技术人员
10:35:31: tts speaking: 系统自检完成
10:36:06: tts speaking: 系统启动, 开始自检
10:36:11: tts speaking: 系统自检完成
10:39:17: tts speaking: 系统启动, 开始自检
10:39:23: tts speaking: 系统自检完成
10:42:02: tts speaking: 系统启动, 开始自检
10:42:08: tts speaking: 系统自检完成
10:52:02: tts speaking: 系统启动, 开始自检
10:52:03: tts speaking: 系统自检舵机 elbow 出现故障, 请联系技术人员
10:52:03: tts speaking: 系统自检完成
10:53:06: tts speaking: 系统启动, 开始自检
10:53:07: tts speaking: 系统自检舵机 elbow 出现故障, 请联系技术人员
10:53:07: tts speaking: 系统自检完成
10:53:32: tts speaking: 系统启动, 开始自检
10:53:39: tts speaking: 系统启动, 开始自检
10:54:05: tts speaking: 系统自检完成
11:02:59: tts speaking: 系统启动, 开始自检
11:02:59: tts speaking: 系统自检完成
11:12:38: tts speaking: 系统启动, 开始自检
11:12:39: tts speaking: 系统自检完成
11:13:12: tts speaking: 系统启动, 开始自检
11:13:14: tts speaking: 系统自检完成
11:14:27: tts speaking: 系统启动, 开始自检
11:14:28: tts speaking: 系统自检完成
11:16:30: tts speaking: 系统启动, 开始自检
11:16:31: tts speaking: 系统自检完成
11:45:01: tts speaking: 系统启动, 开始自检
11:45:02: tts speaking: 无法连接串口, 舵机服务停止运行
11:45:17: tts speaking: 系统启动, 开始自检
11:45:19: tts speaking: 系统自检完成
11:47:16: tts speaking: 系统启动, 开始自检
11:47:17: tts speaking: 系统自检完成
11:49:13: tts speaking: 系统启动, 开始自检
11:49:15: tts speaking: 系统自检完成
11:52:37: tts speaking: 系统启动, 开始自检
11:52:38: tts speaking: 系统自检完成
11:53:06: tts speaking: 系统启动, 开始自检
11:53:07: tts speaking: 系统自检完成
11:58:47: tts speaking: 系统启动, 开始自检
11:58:48: tts speaking: 系统自检完成
11:59:25: tts speaking: 系统启动, 开始自检
11:59:27: tts speaking: 系统自检完成
12:00:59: tts speaking: 系统启动, 开始自检
12:01:00: tts speaking: 系统自检完成
12:02:00: tts speaking: 系统启动, 开始自检
12:02:01: tts speaking: 系统自检完成
12:03:10: tts speaking: 系统启动, 开始自检
12:03:11: tts speaking: 系统自检完成
12:03:22: tts speaking: 系统启动, 开始自检
12:03:23: tts speaking: 系统自检完成
12:16:35: tts speaking: 系统启动, 开始自检
12:16:36: tts speaking: 系统自检完成
12:17:01: tts speaking: 系统启动, 开始自检
12:17:02: tts speaking: 系统自检完成
12:17:21: tts speaking: 系统启动, 开始自检
12:17:22: tts speaking: 系统自检完成
12:17:41: tts speaking: 系统启动, 开始自检
12:17:42: tts speaking: 系统自检完成
12:20:18: tts speaking: 系统启动, 开始自检
12:20:19: tts speaking: 系统自检完成
12:22:59: tts speaking: 系统启动, 开始自检
12:23:00: tts speaking: 系统自检完成
12:27:28: tts speaking: 系统启动, 开始自检
12:27:29: tts speaking: 系统自检完成
12:51:26: tts speaking: 系统启动, 开始自检
12:51:27: tts speaking: 系统自检完成
12:52:14: tts speaking: 系统启动, 开始自检
12:52:15: tts speaking: 系统自检完成
13:07:45: tts speaking: 系统启动, 开始自检
13:07:46: tts speaking: 无法连接串口, 舵机服务停止运行
13:08:14: tts speaking: 系统启动, 开始自检
13:08:14: tts speaking: 无法连接串口, 舵机服务停止运行
13:09:03: tts speaking: 系统启动, 开始自检
13:09:04: tts speaking: 无法连接串口, 舵机服务停止运行
13:11:09: tts speaking: 系统启动, 开始自检
13:11:09: tts speaking: 无法连接串口, 舵机服务停止运行
13:11:55: tts speaking: 系统启动, 开始自检
13:11:55: tts speaking: 无法连接串口, 舵机服务停止运行
13:13:43: tts speaking: 系统启动, 开始自检
13:13:44: tts speaking: 系统自检完成
13:20:27: tts speaking: 系统启动, 开始自检
13:20:28: tts speaking: 无法连接串口, 舵机服务停止运行
13:20:48: tts speaking: 系统启动, 开始自检
13:20:49: tts speaking: 系统自检完成
13:30:47: tts speaking: 系统启动中, 需要进入自检程序, 请耐心等待
13:31:05: tts speaking: 系统启动, 开始自检
13:31:07: tts speaking: 系统自检完成
13:32:19: tts speaking: 系统启动, 开始自检
13:32:20: tts speaking: 系统自检完成
13:33:26: tts speaking: 系统启动, 开始自检
13:33:33: tts speaking: 系统自检完成
13:33:43: tts speaking: 系统启动, 开始自检
13:33:44: tts speaking: 系统自检完成
13:33:49: tts speaking: 系统启动, 开始自检
13:33:51: tts speaking: 系统自检完成
13:34:36: tts speaking: 系统启动, 开始自检
13:34:37: tts speaking: 系统自检完成
13:35:27: tts speaking: 系统启动, 开始自检
13:35:28: tts speaking: 系统自检完成
13:36:19: tts speaking: 系统启动, 开始自检
13:36:41: tts speaking: 系统启动, 开始自检
13:36:43: tts speaking: 系统自检完成
13:37:57: tts speaking: 系统启动, 开始自检
13:38:27: tts speaking: 系统启动, 开始自检
13:38:28: tts speaking: 系统自检完成
13:38:56: tts speaking: 系统启动, 开始自检
13:38:57: tts speaking: 系统自检完成
13:40:41: tts speaking: 系统启动, 开始自检
13:40:42: tts speaking: 系统自检完成
13:43:14: tts speaking: 系统启动, 开始自检
13:43:16: tts speaking: 系统自检完成
13:44:31: tts speaking: 系统启动, 开始自检
13:44:32: tts speaking: 系统自检完成
13:46:00: tts speaking: 系统启动, 开始自检
13:46:02: tts speaking: 系统自检完成
13:46:31: tts speaking: 系统启动, 开始自检
13:46:32: tts speaking: 系统自检完成
13:46:52: tts speaking: 系统启动, 开始自检
13:46:53: tts speaking: 系统自检完成
13:48:20: tts speaking: 系统启动, 开始自检
13:48:21: tts speaking: 无法连接串口, 舵机服务停止运行
13:48:27: tts speaking: 系统启动, 开始自检
13:48:29: tts speaking: 系统自检完成
13:51:28: tts speaking: 系统启动, 开始自检
13:51:29: tts speaking: 系统自检完成
13:52:16: tts speaking: 系统启动, 开始自检
13:53:15: tts speaking: 系统启动, 开始自检
13:53:16: tts speaking: 系统自检完成
13:53:38: tts speaking: 系统启动, 开始自检
13:53:39: tts speaking: 系统自检完成
13:54:48: tts speaking: 系统启动, 开始自检
13:54:53: tts speaking: 系统启动, 开始自检
13:54:54: tts speaking: 系统自检完成
13:55:19: tts speaking: 系统启动, 开始自检
13:55:20: tts speaking: 系统自检完成
13:59:40: tts speaking: 系统启动, 开始自检
13:59:41: tts speaking: 系统自检完成
14:03:14: tts speaking: 系统启动, 开始自检
14:03:14: tts speaking: 无法连接串口, 舵机服务停止运行
14:03:21: tts speaking: 系统启动, 开始自检
14:03:22: tts speaking: 系统自检完成
14:04:44: tts speaking: 系统启动, 开始自检
14:04:45: tts speaking: 系统自检完成
14:13:46: tts speaking: 系统启动, 开始自检
14:13:46: tts speaking: 无法连接串口, 舵机服务停止运行
14:13:51: tts speaking: 系统启动, 开始自检
14:13:52: tts speaking: 系统自检完成
14:16:22: tts speaking: 系统启动, 开始自检
14:16:23: tts speaking: 系统自检完成
14:16:26: tts speaking: 系统启动, 开始自检
14:16:28: tts speaking: 系统自检完成
14:16:44: tts speaking: 系统启动, 开始自检
14:16:45: tts speaking: 系统自检完成
14:16:49: tts speaking: 系统启动, 开始自检
14:16:50: tts speaking: 系统自检完成
14:17:06: tts speaking: 系统启动, 开始自检
14:17:07: tts speaking: 系统自检完成
14:17:59: tts speaking: 系统启动, 开始自检
14:18:00: tts speaking: 系统自检完成
14:18:45: tts speaking: 系统启动, 开始自检
14:18:46: tts speaking: 系统自检完成
14:18:50: tts speaking: 系统启动, 开始自检
14:18:51: tts speaking: 系统自检完成
14:20:25: tts speaking: 系统启动, 开始自检
14:20:27: tts speaking: 系统自检完成
14:20:29: tts speaking: 系统启动, 开始自检
14:20:30: tts speaking: 系统自检完成
14:21:38: tts speaking: 系统启动, 开始自检
14:21:39: tts speaking: 系统自检完成
14:28:49: tts speaking: 系统启动, 开始自检
14:28:50: tts speaking: 系统自检完成
10:31:30: tts speaking: 系统启动, 开始自检
10:31:31: tts speaking: 无法连接串口, 舵机服务停止运行
10:31:58: tts speaking: 系统启动, 开始自检
10:31:59: tts speaking: 系统自检完成
10:32:03: tts speaking: 系统启动, 开始自检
10:32:04: tts speaking: 系统自检完成
10:32:33: tts speaking: 系统启动, 开始自检
10:32:34: tts speaking: 系统自检完成
10:37:54: tts speaking: 系统启动, 开始自检
10:37:56: tts speaking: 系统自检完成
10:38:49: tts speaking: 系统启动, 开始自检
10:38:50: tts speaking: 系统自检完成
10:39:31: tts speaking: 系统启动, 开始自检
10:39:32: tts speaking: 系统自检完成
10:41:36: tts speaking: 系统启动, 开始自检
10:41:37: tts speaking: 系统自检完成
10:42:10: tts speaking: 系统启动, 开始自检
10:42:12: tts speaking: 系统自检完成
11:10:57: tts speaking: 系统启动, 开始自检
11:10:58: tts speaking: 系统自检完成
11:12:27: tts speaking: 系统启动, 开始自检
11:12:29: tts speaking: 系统自检完成
11:29:54: tts speaking: 系统启动, 开始自检
11:29:55: tts speaking: 系统自检完成
11:31:10: tts speaking: 系统启动, 开始自检
11:31:11: tts speaking: 系统自检完成
11:33:18: tts speaking: 系统启动, 开始自检
11:33:19: tts speaking: 系统自检完成
11:43:05: tts speaking: 系统启动, 开始自检
11:43:06: tts speaking: 无法连接串口, 舵机服务停止运行
11:43:12: tts speaking: 系统启动, 开始自检
11:43:12: tts speaking: 系统自检完成
11:43:45: tts speaking: 系统启动, 开始自检
11:43:46: tts speaking: 系统自检完成
11:47:50: tts speaking: 系统启动, 开始自检
11:47:50: tts speaking: 无法连接串口, 舵机服务停止运行
11:47:56: tts speaking: 系统启动, 开始自检
11:47:57: tts speaking: 系统自检完成
11:50:13: tts speaking: 系统启动, 开始自检
11:50:14: tts speaking: 系统自检完成
11:51:55: tts speaking: 系统启动, 开始自检
11:51:56: tts speaking: 系统自检完成
11:52:05: tts speaking: 系统启动, 开始自检
11:52:06: tts speaking: 系统自检完成
11:53:33: tts speaking: 系统启动, 开始自检
11:53:34: tts speaking: 系统自检完成
11:55:07: tts speaking: 系统启动, 开始自检
11:55:08: tts speaking: 系统自检完成
11:58:13: tts speaking: 系统启动, 开始自检
11:58:13: tts speaking: 系统自检完成
11:59:37: tts speaking: 系统启动, 开始自检
11:59:38: tts speaking: 系统自检完成
12:01:22: tts speaking: 系统启动, 开始自检
12:01:23: tts speaking: 系统自检完成
12:01:52: tts speaking: 系统启动, 开始自检
12:01:52: tts speaking: 系统自检完成
12:04:55: tts speaking: 系统启动, 开始自检
12:04:56: tts speaking: 系统自检完成
12:05:56: tts speaking: 系统启动, 开始自检
12:05:57: tts speaking: 系统自检完成
12:10:37: tts speaking: 系统启动, 开始自检
12:10:38: tts speaking: 系统自检完成
12:11:07: tts speaking: 系统启动, 开始自检
12:11:08: tts speaking: 系统自检完成
12:11:42: tts speaking: 系统启动, 开始自检
12:11:43: tts speaking: 系统自检完成
12:16:24: tts speaking: 系统启动, 开始自检
12:16:24: tts speaking: 系统自检完成
14:17:27: tts speaking: 系统启动, 开始自检
14:17:27: tts speaking: 系统自检完成
14:55:21: tts speaking: 系统启动, 开始自检
14:55:22: tts speaking: 系统自检完成
15:32:20: tts speaking: 系统启动, 开始自检
15:32:20: tts speaking: 系统自检完成
15:34:30: tts speaking: 系统启动, 开始自检
15:34:31: tts speaking: 系统自检完成
15:35:27: tts speaking: 系统启动, 开始自检
15:35:28: tts speaking: 系统自检完成
15:37:02: tts speaking: 系统启动, 开始自检
15:37:03: tts speaking: 系统自检完成
15:38:09: tts speaking: 系统启动, 开始自检
15:38:10: tts speaking: 系统自检完成
15:39:00: tts speaking: 系统启动, 开始自检
15:39:00: tts speaking: 系统自检完成
15:39:28: tts speaking: 系统启动, 开始自检
15:39:29: tts speaking: 系统自检完成
15:40:48: tts speaking: 系统启动, 开始自检
15:40:49: tts speaking: 系统自检完成
15:48:25: tts speaking: 系统启动, 开始自检
15:48:25: tts speaking: 系统自检完成
16:03:31: tts speaking: 系统启动, 开始自检
16:03:31: tts speaking: 系统自检完成
16:04:26: tts speaking: 系统启动, 开始自检
16:04:27: tts speaking: 系统自检完成
16:24:21: tts speaking: 系统启动, 开始自检
16:24:22: tts speaking: 系统自检完成
12:16:42: tts speaking: 系统启动, 开始自检
12:16:43: tts speaking: 无法连接串口, 舵机服务停止运行
12:17:53: tts speaking: 系统启动, 开始自检
12:17:54: tts speaking: 系统自检完成
12:19:11: tts speaking: 系统启动, 开始自检
12:19:13: tts speaking: 系统自检完成
12:20:01: tts speaking: 系统启动, 开始自检
12:20:02: tts speaking: 系统自检完成
12:21:26: tts speaking: 系统启动, 开始自检
12:21:27: tts speaking: 系统自检完成
12:22:59: tts speaking: 系统启动, 开始自检
12:23:00: tts speaking: 系统自检完成
12:23:51: tts speaking: 系统启动, 开始自检
12:23:52: tts speaking: 系统自检完成
12:28:05: tts speaking: 系统启动, 开始自检
12:28:06: tts speaking: 系统自检完成
12:28:14: tts speaking: 系统启动, 开始自检
12:28:15: tts speaking: 系统自检完成
12:28:59: tts speaking: 系统启动, 开始自检
12:29:00: tts speaking: 系统自检完成
12:33:16: tts speaking: 系统启动, 开始自检
12:33:18: tts speaking: 系统自检完成
12:33:58: tts speaking: 系统启动, 开始自检
12:33:59: tts speaking: 系统自检完成
